**********************
PowerShell transcript start
Start time: 20260203084604
Username: NTBKRISTIAN\kikov
RunAs User: NTBKRISTIAN\kikov
Configuration Name: 
Machine: NTBKRISTIAN (Microsoft Windows NT 10.0.26200.0)
Host Application: C:\Program Files\PowerShell\7\pwsh.dll
Process ID: 2772
PSVersion: 7.5.4
PSEdition: Core
GitCommitId: 7.5.4
OS: Microsoft Windows 10.0.26200
Platform: Win32NT
PSCompatibleVersions: 1.0, 2.0, 3.0, 4.0, 5.0, 5.1, 6.0, 7.0
PSRemotingProtocolVersion: 2.3
SerializationVersion: 1.1.0.1
WSManStackVersion: 3.0
**********************
[2026-02-03 08:46:04] [PASS] index.html nájdený.
[2026-02-03 08:46:04] [WARN] Existujúci bd642_firebase_messaging.js zálohovaný do: C:\Users\kikov\BD 642-26 Upratovanie\upratovanie 642\bd642_firebase_messaging.js.bak_20260203_084604
[2026-02-03 08:46:04] [PASS] Vytvorený/aktualizovaný: bd642_firebase_messaging.js
[2026-02-03 08:46:04] [WARN] Existujúci firebase-messaging-sw.js zálohovaný do: C:\Users\kikov\BD 642-26 Upratovanie\upratovanie 642\firebase-messaging-sw.js.bak_20260203_084604
[2026-02-03 08:46:04] [PASS] Vytvorený/aktualizovaný: firebase-messaging-sw.js
[2026-02-03 08:46:04] [WARN] Firebase config a VAPID kľúč sú zatiaľ len ako TODO – treba ich doplniť ručne podľa inštrukcií nižšie.
**********************
PowerShell transcript end
End time: 20260203084604
**********************
