**********************
PowerShell transcript start
Start time: 20260203081113
Username: NTBKRISTIAN\kikov
RunAs User: NTBKRISTIAN\kikov
Configuration Name: 
Machine: NTBKRISTIAN (Microsoft Windows NT 10.0.26200.0)
Host Application: C:\Program Files\PowerShell\7\pwsh.dll
Process ID: 20288
PSVersion: 7.5.4
PSEdition: Core
GitCommitId: 7.5.4
OS: Microsoft Windows 10.0.26200
Platform: Win32NT
PSCompatibleVersions: 1.0, 2.0, 3.0, 4.0, 5.0, 5.1, 6.0, 7.0
PSRemotingProtocolVersion: 2.3
SerializationVersion: 1.1.0.1
WSManStackVersion: 3.0
**********************
[2026-02-03 08:11:13] [INFO] Log sa zapisuje do: C:\Users\kikov\BD 642-26 Upratovanie\upratovanie 642\Logy\bd642_deploy_20260203_081113.log
[2026-02-03 08:11:13] [INFO] Kontrolujem nástroj: Git (git)...
[2026-02-03 08:11:13] [INFO] Kontrolujem nástroj: Firebase CLI (firebase)...
[2026-02-03 08:11:13] [INFO] Git: zisťujem zmeny (git status --porcelain)...
[2026-02-03 08:11:13] [INFO] Git: pridávam zmeny (git add -A)...
[2026-02-03 08:11:13] [INFO] Git: vytváram commit: 'BD642 – automatický deploy 2026-02-03 08:11'...
[2026-02-03 08:11:13] [INFO] Git: posielam na GitHub (git push)...
[2026-02-03 08:11:15] [INFO] Git: push úspešný.
[2026-02-03 08:11:15] [INFO] Firebase: deploy hostingu (firebase deploy --only hosting)...
[2026-02-03 08:11:24] [INFO] Firebase: deploy úspešný.
[2026-02-03 08:11:24] [INFO] === HOTOVO: PASS – GitHub + Firebase deploy prebehli úspešne. ===
**********************
PowerShell transcript end
End time: 20260203081124
**********************
