**********************
PowerShell transcript start
Start time: 20260206202830
Username: NTBKRISTIAN\kikov
RunAs User: NTBKRISTIAN\kikov
Configuration Name: 
Machine: NTBKRISTIAN (Microsoft Windows NT 10.0.26200.0)
Host Application: C:\Program Files\PowerShell\7\pwsh.dll C:\Users\kikov\BD 642-26 Upratovanie\upratovanie 642\deploy.ps1
Process ID: 9136
PSVersion: 7.5.4
PSEdition: Core
GitCommitId: 7.5.4
OS: Microsoft Windows 10.0.26200
Platform: Win32NT
PSCompatibleVersions: 1.0, 2.0, 3.0, 4.0, 5.0, 5.1, 6.0, 7.0
PSRemotingProtocolVersion: 2.3
SerializationVersion: 1.1.0.1
WSManStackVersion: 3.0
**********************
[INFO] Kontrolujem nástroj: Git...
[INFO] Nástroj 'Git' ("git") OK.
[INFO] Kontrolujem nástroj: Firebase CLI ('firebase')...
[INFO] Nástroj 'Firebase CLI ('firebase')' ("firebase") OK.
[INFO] Git: zisťujem zmeny (git status --porcelain)...
[INFO] Git: pridávam zmeny (git add -A)...
time Git touches it
warning: in the working copy of 'functions/node_modules/yargs/locales/zh_TW.json', LF will be replaced by CRLF the next
time Git touches it
warning: in the working copy of 'functions/node_modules/yargs/package.json', LF will be replaced by CRLF the next time G
it touches it
warning: in the working copy of 'functions/node_modules/yargs/yargs', LF will be replaced by CRLF the next time Git touc
hes it
warning: in the working copy of 'functions/node_modules/yargs/yargs.mjs', LF will be replaced by CRLF the next time Git
touches it
warning: in the working copy of 'functions/node_modules/yocto-queue/index.d.ts', LF will be replaced by CRLF the next ti
me Git touches it
warning: in the working copy of 'functions/node_modules/yocto-queue/index.js', LF will be replaced by CRLF the next time
 Git touches it
warning: in the working copy of 'functions/node_modules/yocto-queue/license', LF will be replaced by CRLF the next time
Git touches it
warning: in the working copy of 'functions/node_modules/yocto-queue/package.json', LF will be replaced by CRLF the next
time Git touches it
warning: in the working copy of 'functions/node_modules/yocto-queue/readme.md', LF will be replaced by CRLF the next tim
e Git touches it
warning: in the working copy of 'functions/package-lock.json', LF will be replaced by CRLF the next time Git touches it
warning: in the working copy of 'functions/package.json', LF will be replaced by CRLF the next time Git touches it
[INFO] Git: vytváram commit: 'BD642 – automatický deploy 2026-02-06 20:29'...

[INFO] Git: posielam na GitHub (git push)...

[INFO] Git: push úspešný.
[INFO] Firebase: deploy hostingu (firebase deploy --only hosting)...

[INFO] Firebase: deploy úspešný.
[INFO] === HOTOVO: PASS – GitHub + Firebase deploy prebehli úspešne. ===
**********************
PowerShell transcript end
End time: 20260206203004
**********************
