**********************
PowerShell transcript start
Start time: 20260207004258
Username: NTBKRISTIAN\kikov
RunAs User: NTBKRISTIAN\kikov
Configuration Name: 
Machine: NTBKRISTIAN (Microsoft Windows NT 10.0.26200.0)
Host Application: C:\Program Files\PowerShell\7\pwsh.dll C:\Users\kikov\BD 642-26 Upratovanie\upratovanie 642\deploy.ps1
Process ID: 28808
PSVersion: 7.5.4
PSEdition: Core
GitCommitId: 7.5.4
OS: Microsoft Windows 10.0.26200
Platform: Win32NT
PSCompatibleVersions: 1.0, 2.0, 3.0, 4.0, 5.0, 5.1, 6.0, 7.0
PSRemotingProtocolVersion: 2.3
SerializationVersion: 1.1.0.1
WSManStackVersion: 3.0
**********************
[INFO] Kontrolujem nástroj: Git...
[INFO] Nástroj 'Git' ("git") OK.
[INFO] Kontrolujem nástroj: Firebase CLI ('firebase')...
[INFO] Nástroj 'Firebase CLI ('firebase')' ("firebase") OK.
[INFO] Git: zisťujem zmeny (git status --porcelain)...
[INFO] Git: pridávam zmeny (git add -A)...
warning: in the working copy of '.firebase/hosting..cache', LF will be replaced by CRLF the next time Git touches it
warning: in the working copy of 'index.html', LF will be replaced by CRLF the next time Git touches it
[INFO] Git: vytváram commit: 'BD642 – automatický deploy 2026-02-07 00:43'...
 delete mode 100644 Logy/stare/backend_fix_20260206-210107.txt
 delete mode 100644 Logy/stare/bd642_deploy_20260206_171505.log
 delete mode 100644 Logy/stare/bd642_deploy_20260206_202830.log
 delete mode 100644 Logy/stare/bd642_deploy_20260206_212054.log
 delete mode 100644 Logy/stare/bd642_deploy_20260206_213856.log
 delete mode 100644 Logy/stare/bd642_deploy_20260206_222123.log
 create mode 100644 Logy/stare/bd642_oprava_manifest_pwa_20260207-003210.txt
 create mode 100644 Logy/stare/bd642_oprava_manifest_pwa_20260207-003223.txt
 create mode 100644 Logy/stare/bd642_oprava_manifest_pwa_20260207-003905.json
 create mode 100644 Logy/stare/bd642_oprava_manifest_pwa_20260207-003905.txt
 create mode 100644 Logy/stare/bd642_oprava_manifest_pwa_posledne.json
 create mode 100644 Logy/stare/bd642_oprava_manifest_pwa_posledne.txt
 delete mode 100644 Logy/stare/deploy_backend_20260206-195129.txt
 delete mode 100644 Logy/stare/deploy_backend_20260206-202317.json
 delete mode 100644 Logy/stare/deploy_backend_20260206-202317.txt
 delete mode 100644 Logy/stare/fix_index_trvale_notifikacie_modal_autosync_20260206-224527.txt
 delete mode 100644 Logy/stare/fix_push_trvale_nastavenia_20260206-221543.txt
 create mode 100644 "Z\303\241lohy/backup_fix_trvale_20260207-004220.zip"
[INFO] Git: posielam na GitHub (git push)...

[INFO] Git: push úspešný.
[INFO] Firebase: deploy hostingu (firebase deploy --only hosting)...

[INFO] Firebase: deploy úspešný.
[INFO] === HOTOVO: PASS – GitHub + Firebase deploy prebehli úspešne. ===
**********************
PowerShell transcript end
End time: 20260207004312
**********************
