**********************
PowerShell transcript start
Start time: 20260203113747
Username: NTBKRISTIAN\kikov
RunAs User: NTBKRISTIAN\kikov
Configuration Name: 
Machine: NTBKRISTIAN (Microsoft Windows NT 10.0.26200.0)
Host Application: C:\Program Files\PowerShell\7\pwsh.dll C:\Users\kikov\BD 642-26 Upratovanie\upratovanie 642\deploy.ps1
Process ID: 4980
PSVersion: 7.5.4
PSEdition: Core
GitCommitId: 7.5.4
OS: Microsoft Windows 10.0.26200
Platform: Win32NT
PSCompatibleVersions: 1.0, 2.0, 3.0, 4.0, 5.0, 5.1, 6.0, 7.0
PSRemotingProtocolVersion: 2.3
SerializationVersion: 1.1.0.1
WSManStackVersion: 3.0
**********************
[INFO] Kontrolujem nástroj: Git...
[INFO] Nástroj 'Git' ("git") OK.
[INFO] Kontrolujem nástroj: Firebase CLI ('firebase')...
[INFO] Nástroj 'Firebase CLI ('firebase')' ("firebase") OK.
[INFO] Git: zisťujem zmeny (git status --porcelain)...
[INFO] Git: pridávam zmeny (git add -A)...
warning: in the working copy of '.firebase/hosting..cache', LF will be replaced by CRLF the next time Git touches it
warning: in the working copy of 'index.html', LF will be replaced by CRLF the next time Git touches it
[INFO] Git: vytváram commit: 'BD642 – automatický deploy 2026-02-03 11:37'...
[main 1c86df9] BD642 – automatický deploy 2026-02-03 11:37
 5 files changed, 188 insertions(+), 155 deletions(-)
 rename Logy/{bd642_deploy_20260203_111743.log => bd642_deploy_20260203_113746.log} (94%)
 rename Logy/{ => stare}/bd642_deploy_20260203_103105.log (100%)
 create mode 100644 Logy/stare/bd642_deploy_20260203_111743.log
[INFO] Git: posielam na GitHub (git push)...
Enumerating objects: 15, done.
Counting objects: 100% (15/15), done.
Delta compression using up to 12 threads
Compressing objects: 100% (8/8), done.
Writing objects: 100% (9/9), 4.92 KiB | 2.46 MiB/s, done.
Total 9 (delta 4), reused 0 (delta 0), pack-reused 0 (from 0)
remote: Resolving deltas: 100% (4/4), completed with 4 local objects.
To https://github.com/kvraniak29-blip/upratovanie-642.git
   cb99eb6..1c86df9  main -> main
[INFO] Git: push úspešný.
[INFO] Firebase: deploy hostingu (firebase deploy --only hosting)...
Hosting URL: https://bd-642-26-upratovanie-d2851.web.app
[INFO] Firebase: deploy úspešný.
[INFO] === HOTOVO: PASS – GitHub + Firebase deploy prebehli úspešne. ===
**********************
PowerShell transcript end
End time: 20260203113756
**********************
