**********************
PowerShell transcript start
Start time: 20260205033604
Username: NTBKRISTIAN\kikov
RunAs User: NTBKRISTIAN\kikov
Configuration Name: 
Machine: NTBKRISTIAN (Microsoft Windows NT 10.0.26200.0)
Host Application: C:\Program Files\PowerShell\7\pwsh.dll C:\Users\kikov\BD 642-26 Upratovanie\upratovanie 642\deploy.ps1
Process ID: 32404
PSVersion: 7.5.4
PSEdition: Core
GitCommitId: 7.5.4
OS: Microsoft Windows 10.0.26200
Platform: Win32NT
PSCompatibleVersions: 1.0, 2.0, 3.0, 4.0, 5.0, 5.1, 6.0, 7.0
PSRemotingProtocolVersion: 2.3
SerializationVersion: 1.1.0.1
WSManStackVersion: 3.0
**********************
[INFO] Kontrolujem nástroj: Git...
[INFO] Nástroj 'Git' ("git") OK.
[INFO] Kontrolujem nástroj: Firebase CLI ('firebase')...
[INFO] Nástroj 'Firebase CLI ('firebase')' ("firebase") OK.
[INFO] Git: zisťujem zmeny (git status --porcelain)...
[INFO] Git: pridávam zmeny (git add -A)...
warning: in the working copy of '.firebase/hosting..cache', LF will be replaced by CRLF the next time Git touches it
warning: in the working copy of 'bd642_firebase_messaging.js', LF will be replaced by CRLF the next time Git touches it
warning: in the working copy of 'firebase-messaging-sw.js', LF will be replaced by CRLF the next time Git touches it
[INFO] Git: vytváram commit: 'BD642 – automatický deploy 2026-02-05 03:36'...
[main 42e9880] BD642 – automatický deploy 2026-02-05 03:36
 5 files changed, 161 insertions(+), 110 deletions(-)
 create mode 100644 Logy/bd642_deploy_20260205_033604.log
[INFO] Git: posielam na GitHub (git push)...
Enumerating objects: 16, done.
Counting objects: 100% (16/16), done.
Delta compression using up to 12 threads
Compressing objects: 100% (8/8), done.
Writing objects: 100% (9/9), 3.54 KiB | 1.77 MiB/s, done.
Total 9 (delta 6), reused 0 (delta 0), pack-reused 0 (from 0)
remote: Resolving deltas: 100% (6/6), completed with 5 local objects.
To https://github.com/kvraniak29-blip/upratovanie-642.git
   4d0aff8..42e9880  main -> main
[INFO] Git: push úspešný.
[INFO] Firebase: deploy hostingu (firebase deploy --only hosting)...
Project Console: https://console.firebase.google.com/project/bd-642-26-upratovanie-d2851/overview
Hosting URL: https://bd-642-26-upratovanie-d2851.web.app
[INFO] Firebase: deploy úspešný.
[INFO] === HOTOVO: PASS – GitHub + Firebase deploy prebehli úspešne. ===
**********************
PowerShell transcript end
End time: 20260205033614
**********************
