**********************
PowerShell transcript start
Start time: 20260205024430
Username: NTBKRISTIAN\kikov
RunAs User: NTBKRISTIAN\kikov
Configuration Name: 
Machine: NTBKRISTIAN (Microsoft Windows NT 10.0.26200.0)
Host Application: C:\Program Files\PowerShell\7\pwsh.dll C:\Users\kikov\BD 642-26 Upratovanie\upratovanie 642\deploy.ps1
Process ID: 33744
PSVersion: 7.5.4
PSEdition: Core
GitCommitId: 7.5.4
OS: Microsoft Windows 10.0.26200
Platform: Win32NT
PSCompatibleVersions: 1.0, 2.0, 3.0, 4.0, 5.0, 5.1, 6.0, 7.0
PSRemotingProtocolVersion: 2.3
SerializationVersion: 1.1.0.1
WSManStackVersion: 3.0
**********************
[INFO] Kontrolujem nástroj: Git...
[INFO] Nástroj 'Git' ("git") OK.
[INFO] Kontrolujem nástroj: Firebase CLI ('firebase')...
[INFO] Nástroj 'Firebase CLI ('firebase')' ("firebase") OK.
[INFO] Git: zisťujem zmeny (git status --porcelain)...
[INFO] Git: pridávam zmeny (git add -A)...
warning: in the working copy of '.firebase/hosting..cache', LF will be replaced by CRLF the next time Git touches it
[INFO] Git: vytváram commit: 'BD642 – automatický deploy 2026-02-05 02:44'...
[main 910d0d0] BD642 – automatický deploy 2026-02-05 02:44
 3 files changed, 78 insertions(+), 17 deletions(-)
 create mode 100644 Logy/bd642_deploy_20260205_024430.log
[INFO] Git: posielam na GitHub (git push)...
Enumerating objects: 12, done.
Counting objects: 100% (12/12), done.
Delta compression using up to 12 threads
Compressing objects: 100% (6/6), done.
Writing objects: 100% (7/7), 2.81 KiB | 2.81 MiB/s, done.
Total 7 (delta 4), reused 0 (delta 0), pack-reused 0 (from 0)
remote: Resolving deltas: 100% (4/4), completed with 3 local objects.
To https://github.com/kvraniak29-blip/upratovanie-642.git
   6b4bbba..910d0d0  main -> main
[INFO] Git: push úspešný.
[INFO] Firebase: deploy hostingu (firebase deploy --only hosting)...
+  Deploy complete!

Project Console: https://console.firebase.google.com/project/bd-642-26-upratovanie-d2851/overview
Hosting URL: https://bd-642-26-upratovanie-d2851.web.app
[INFO] Firebase: deploy úspešný.
[INFO] === HOTOVO: PASS – GitHub + Firebase deploy prebehli úspešne. ===
**********************
PowerShell transcript end
End time: 20260205024440
**********************
